Microsoft (R) Macro Assembler Version 14.16.27035.0	    03/12/20 08:16:47
AddTwo.asm						     Page 1 - 1


				; Problem 2
				; Write and run a program to find the values of each Flag value

				.386
				.model flat,stdcall
				.stack 4096
				ExitProcess proto,dwExitCode:dword

				;================================
				; CMP
				;               ZF   CF
				; dest < src    0    1 
				; dest > src    0    0
				; dest = src    1    0
				;================================

 00000000			.code
 00000000			main proc
 00000000  B8 00000000			mov eax, 0   ; debug purpose only
 00000005  BB 00000000			mov ebx, 0   ; debug purpose only
 0000000A  B9 00000000			mov ecx, 0   ; debug purpose only

 0000000F  B0 0F			mov al,00001111b
 00000011  A8 02			test al,00000010b
					;============================================
					;       0000 1111
					;       0000 0010
					;  AND -----------
					;       0000 0010
					; 
					;   AL = 0000 1111 (0Fh)
					;   ZF = 0
					;   SF = 0
					;   CF = 0
					;============================================

 00000013  B3 06			mov bl,00000110b    ;
 00000015  80 FB 05			cmp bl,00000101b
					;============================================
					;   0000 0110 (6d)
					;   0000 0101 (5d) 
					;
					;   dest > src
					; 
					;   AL = 0000 1111 (0Fh)
					;   CF = 0
					;   ZF = 0
					;   SF = 0
					;============================================

 00000018  B1 05			mov cl,00000101b
 0000001A  80 F9 07			cmp cl,00000111b
					;============================================
					;   0000 0101 (5d)
					;   0000 0111 (7d) 
					;
					;   dest < src
					; 
					;   AL = 0000 1111 (0Fh)
					;   CF = 1
					;   ZF = 0
					;   SF = 1		; result is negative
					;============================================

					;==========================================================================================
					; Q : Did the value in al, bl, cl register change when test and CMP were 
					;     used? Why?
					;
					; A : No, TEST and CMP instructions are nondestructive instructions operands (only affects eflags)
					;===========================================================================================

					invoke ExitProcess,0
 0000001D  6A 00	   *	    push   +000000000h
 0000001F  E8 00000000 E   *	    call   ExitProcess
 00000024			main endp
				end main
Microsoft (R) Macro Assembler Version 14.16.27035.0	    03/12/20 08:16:47
AddTwo.asm						     Symbols 2 - 1




Segments and Groups:

                N a m e                 Size     Length   Align   Combine Class

FLAT . . . . . . . . . . . . . .	GROUP
STACK  . . . . . . . . . . . . .	32 Bit	 00001000 DWord	  Stack	  'STACK'	 
_DATA  . . . . . . . . . . . . .	32 Bit	 00000000 DWord	  Public  'DATA'	
_TEXT  . . . . . . . . . . . . .	32 Bit	 00000024 DWord	  Public  'CODE'	


Procedures, parameters, and locals:

                N a m e                 Type     Value    Attr

ExitProcess  . . . . . . . . . .	P Near	 00000000 FLAT	Length= 00000000 External STDCALL
main . . . . . . . . . . . . . .	P Near	 00000000 _TEXT	Length= 00000024 Public STDCALL


Symbols:

                N a m e                 Type     Value    Attr

@CodeSize  . . . . . . . . . . .	Number	 00000000h   
@DataSize  . . . . . . . . . . .	Number	 00000000h   
@Interface . . . . . . . . . . .	Number	 00000003h   
@Model . . . . . . . . . . . . .	Number	 00000007h   
@code  . . . . . . . . . . . . .	Text   	 _TEXT
@data  . . . . . . . . . . . . .	Text   	 FLAT
@fardata?  . . . . . . . . . . .	Text   	 FLAT
@fardata . . . . . . . . . . . .	Text   	 FLAT
@stack . . . . . . . . . . . . .	Text   	 FLAT

	   0 Warnings
	   0 Errors
