Microsoft (R) Macro Assembler Version 14.16.27035.0	    04/08/20 12:15:56
AddTwo.asm						     Page 1 - 1


				; AddTwo.asm - adds two 32-bit integers.
				; Chapter 3 example

				.386
				.model flat,stdcall
				.stack 4096
				ExitProcess proto,dwExitCode:dword

 00000000			.code
 00000000			main proc
 00000000  B8 FFFFFFE2			mov eax,-30
 00000005  83 F8 CE			cmp eax,-50
 00000008  7F 00			jg Target

 0000000A				Target:


					invoke ExitProcess,0
 0000000A  6A 00	   *	    push   +000000000h
 0000000C  E8 00000000 E   *	    call   ExitProcess
 00000011			main endp
				end main
Microsoft (R) Macro Assembler Version 14.16.27035.0	    04/08/20 12:15:56
AddTwo.asm						     Symbols 2 - 1




Segments and Groups:

                N a m e                 Size     Length   Align   Combine Class

FLAT . . . . . . . . . . . . . .	GROUP
STACK  . . . . . . . . . . . . .	32 Bit	 00001000 DWord	  Stack	  'STACK'	 
_DATA  . . . . . . . . . . . . .	32 Bit	 00000000 DWord	  Public  'DATA'	
_TEXT  . . . . . . . . . . . . .	32 Bit	 00000011 DWord	  Public  'CODE'	


Procedures, parameters, and locals:

                N a m e                 Type     Value    Attr

ExitProcess  . . . . . . . . . .	P Near	 00000000 FLAT	Length= 00000000 External STDCALL
main . . . . . . . . . . . . . .	P Near	 00000000 _TEXT	Length= 00000011 Public STDCALL
  Target . . . . . . . . . . . .	L Near	 0000000A _TEXT	


Symbols:

                N a m e                 Type     Value    Attr

@CodeSize  . . . . . . . . . . .	Number	 00000000h   
@DataSize  . . . . . . . . . . .	Number	 00000000h   
@Interface . . . . . . . . . . .	Number	 00000003h   
@Model . . . . . . . . . . . . .	Number	 00000007h   
@code  . . . . . . . . . . . . .	Text   	 _TEXT
@data  . . . . . . . . . . . . .	Text   	 FLAT
@fardata?  . . . . . . . . . . .	Text   	 FLAT
@fardata . . . . . . . . . . . .	Text   	 FLAT
@stack . . . . . . . . . . . . .	Text   	 FLAT

	   0 Warnings
	   0 Errors
