Microsoft (R) Macro Assembler Version 14.16.27035.0	    02/28/20 08:08:24
AddTwo.asm						     Page 1 - 1


				; Exercise 4: memory access using PTR Operator

				.386
				.model flat,stdcall
				.stack 4096
				ExitProcess proto,dwExitCode:dword

 00000000			.data
 00000000 65 31 02 05			varB BYTE	65h, 31h, 02h, 05h
 00000004 6543 1202			varW WORD	6543h, 1202h
 00000008 12345678			varD DWORD	12345678h

 00000000			.code
 00000000			main proc

 00000000  B8 00000000			mov eax, 0 ; debug purpose only
 00000005  BB 00000000			mov ebx, 0 ; debug purpose only
 0000000A  B9 00000000			mov ecx, 0 ; debug purpose only

 0000000F  66| A1			mov ax, WORD PTR varB+2
	   00000002 R
					;=========================================================
					; varB BYTE	65h, 31h, 02h, 05h
					;
					;  00  01  02  03  
					; +---+---+---+---+
					; | 65| 31| 02| 05|
					; +---+---+---+---+
					;          reg <--|
					;
					; AX = 05 02
					;=========================================================

 00000015  8A 1D 00000007 R		mov bl, BYTE PTR varW+3
					;=========================================================
					; varW WORD	6543h, 1202h
					;
					;  00  01  02  03  
					; +---+---+---+---+
					; | 43| 65| 02| 12|
					; +---+---+---+---+
					;
					; BL = 12
					;=========================================================

 0000001B  66| 8B 0D			mov cx, WORD PTR varD+2
	   0000000A R
					;=========================================================
					; varD DWORD 12 34 56 78h
					;
					;  00  01  02  03  
					; +---+---+---+---+
					; | 78| 56| 34| 12|
					; +---+---+---+---+
					;          reg <--|
					;
					; CX =  12 34
					;=========================================================

 00000022  8B 1D 00000006 R		mov ebx, DWORD PTR varW+2
					;=========================================================
					; varW WORD	6543h, 1202h
					; varD DWORD 12 34 56 78h
					;
					;  00  01  02  03     00  01  02  03 
					; +---+---+---+---+   +---+---+---+---+
					; | 43| 65| 02| 12|   | 78| 56| 34| 12|
					; +---+---+---+---+   +---+---+---+---+
					;         |       EBX         |
					; 
					; EBX = 56 78 12 02
					;=========================================================

					invoke ExitProcess,0
 00000028  6A 00	   *	    push   +000000000h
 0000002A  E8 00000000 E   *	    call   ExitProcess
 0000002F			main endp
				end main
Microsoft (R) Macro Assembler Version 14.16.27035.0	    02/28/20 08:08:24
AddTwo.asm						     Symbols 2 - 1




Segments and Groups:

                N a m e                 Size     Length   Align   Combine Class

FLAT . . . . . . . . . . . . . .	GROUP
STACK  . . . . . . . . . . . . .	32 Bit	 00001000 DWord	  Stack	  'STACK'	 
_DATA  . . . . . . . . . . . . .	32 Bit	 0000000C DWord	  Public  'DATA'	
_TEXT  . . . . . . . . . . . . .	32 Bit	 0000002F DWord	  Public  'CODE'	


Procedures, parameters, and locals:

                N a m e                 Type     Value    Attr

ExitProcess  . . . . . . . . . .	P Near	 00000000 FLAT	Length= 00000000 External STDCALL
main . . . . . . . . . . . . . .	P Near	 00000000 _TEXT	Length= 0000002F Public STDCALL


Symbols:

                N a m e                 Type     Value    Attr

@CodeSize  . . . . . . . . . . .	Number	 00000000h   
@DataSize  . . . . . . . . . . .	Number	 00000000h   
@Interface . . . . . . . . . . .	Number	 00000003h   
@Model . . . . . . . . . . . . .	Number	 00000007h   
@code  . . . . . . . . . . . . .	Text   	 _TEXT
@data  . . . . . . . . . . . . .	Text   	 FLAT
@fardata?  . . . . . . . . . . .	Text   	 FLAT
@fardata . . . . . . . . . . . .	Text   	 FLAT
@stack . . . . . . . . . . . . .	Text   	 FLAT
varB . . . . . . . . . . . . . .	Byte	 00000000 _DATA	
varD . . . . . . . . . . . . . .	DWord	 00000008 _DATA	
varW . . . . . . . . . . . . . .	Word	 00000004 _DATA	

	   0 Warnings
	   0 Errors
