Microsoft (R) Macro Assembler Version 14.16.27035.0	    03/30/20 11:12:53
AddTwo.asm						     Page 1 - 1


				; AddTwo.asm - adds two 32-bit integers.
				; Chapter 3 example

				.386
				.model flat,stdcall
				.stack 4096
				ExitProcess proto,dwExitCode:dword

 00000000			.code
 00000000			main proc

 00000000  B8 00000000			mov eax,0
 00000005  B9 0000000A			mov ecx,10 ; outer loop counter
 0000000A				L1:
 0000000A  B8 00000003				mov eax,3
 0000000F  B9 00000005				mov ecx,5 ; inner loop counter
 00000014				L2:
 00000014  83 C0 05				add eax,5
 00000017  E2 FB				loop L2 ; repeat inner loop

 00000019  E2 EF			loop L1 ; repeat outer loop
				 
					invoke ExitProcess,0
 0000001B  6A 00	   *	    push   +000000000h
 0000001D  E8 00000000 E   *	    call   ExitProcess
 00000022			main endp
				end main
Microsoft (R) Macro Assembler Version 14.16.27035.0	    03/30/20 11:12:53
AddTwo.asm						     Symbols 2 - 1




Segments and Groups:

                N a m e                 Size     Length   Align   Combine Class

FLAT . . . . . . . . . . . . . .	GROUP
STACK  . . . . . . . . . . . . .	32 Bit	 00001000 DWord	  Stack	  'STACK'	 
_DATA  . . . . . . . . . . . . .	32 Bit	 00000000 DWord	  Public  'DATA'	
_TEXT  . . . . . . . . . . . . .	32 Bit	 00000022 DWord	  Public  'CODE'	


Procedures, parameters, and locals:

                N a m e                 Type     Value    Attr

ExitProcess  . . . . . . . . . .	P Near	 00000000 FLAT	Length= 00000000 External STDCALL
main . . . . . . . . . . . . . .	P Near	 00000000 _TEXT	Length= 00000022 Public STDCALL
  L1 . . . . . . . . . . . . . .	L Near	 0000000A _TEXT	
  L2 . . . . . . . . . . . . . .	L Near	 00000014 _TEXT	


Symbols:

                N a m e                 Type     Value    Attr

@CodeSize  . . . . . . . . . . .	Number	 00000000h   
@DataSize  . . . . . . . . . . .	Number	 00000000h   
@Interface . . . . . . . . . . .	Number	 00000003h   
@Model . . . . . . . . . . . . .	Number	 00000007h   
@code  . . . . . . . . . . . . .	Text   	 _TEXT
@data  . . . . . . . . . . . . .	Text   	 FLAT
@fardata?  . . . . . . . . . . .	Text   	 FLAT
@fardata . . . . . . . . . . . .	Text   	 FLAT
@stack . . . . . . . . . . . . .	Text   	 FLAT

	   0 Warnings
	   0 Errors
