Microsoft (R) Macro Assembler Version 14.16.27035.0	    04/08/20 12:17:09
AddTwo.asm						     Page 1 - 1


				; AddTwo.asm - adds two 32-bit integers.
				; Chapter 3 example

				.386
				.model flat,stdcall
				.stack 4096
				ExitProcess proto,dwExitCode:dword

 00000000			.data
 00000000 0000000A			val1	DWORD 10
 00000004 00000000			x	    DWORD ?


 00000000			.code
 00000000			main proc
 00000000  B8 00000000			mov	eax,0	; debug
 00000005  BB 00000000			mov ebx,0   ; debug
 0000000A  B9 00000000			mov ecx,0   ; debug
 0000000F  BA 00000000			mov edx,0	; debug

 00000014  B9 00000005			mov ecx, 5
 00000019  BA 00000001			mov edx, 1

 0000001E  39 0D 00000000 R		cmp val1, ecx
 00000024  7E 10			jle part2

 00000026  3B CA			cmp ecx,edx
 00000028  7E 0C			jle part2

 0000002A  C7 05 00000004 R		mov x,1
	   00000001
 00000034  EB 0A			jmp next

 00000036				part2:
 00000036  C7 05 00000004 R			mov x,2
	   00000002

 00000040				next:




					invoke ExitProcess,0
 00000040  6A 00	   *	    push   +000000000h
 00000042  E8 00000000 E   *	    call   ExitProcess
 00000047			main endp
				end main
Microsoft (R) Macro Assembler Version 14.16.27035.0	    04/08/20 12:17:09
AddTwo.asm						     Symbols 2 - 1




Segments and Groups:

                N a m e                 Size     Length   Align   Combine Class

FLAT . . . . . . . . . . . . . .	GROUP
STACK  . . . . . . . . . . . . .	32 Bit	 00001000 DWord	  Stack	  'STACK'	 
_DATA  . . . . . . . . . . . . .	32 Bit	 00000008 DWord	  Public  'DATA'	
_TEXT  . . . . . . . . . . . . .	32 Bit	 00000047 DWord	  Public  'CODE'	


Procedures, parameters, and locals:

                N a m e                 Type     Value    Attr

ExitProcess  . . . . . . . . . .	P Near	 00000000 FLAT	Length= 00000000 External STDCALL
main . . . . . . . . . . . . . .	P Near	 00000000 _TEXT	Length= 00000047 Public STDCALL
  part2  . . . . . . . . . . . .	L Near	 00000036 _TEXT	
  next . . . . . . . . . . . . .	L Near	 00000040 _TEXT	


Symbols:

                N a m e                 Type     Value    Attr

@CodeSize  . . . . . . . . . . .	Number	 00000000h   
@DataSize  . . . . . . . . . . .	Number	 00000000h   
@Interface . . . . . . . . . . .	Number	 00000003h   
@Model . . . . . . . . . . . . .	Number	 00000007h   
@code  . . . . . . . . . . . . .	Text   	 _TEXT
@data  . . . . . . . . . . . . .	Text   	 FLAT
@fardata?  . . . . . . . . . . .	Text   	 FLAT
@fardata . . . . . . . . . . . .	Text   	 FLAT
@stack . . . . . . . . . . . . .	Text   	 FLAT
val1 . . . . . . . . . . . . . .	DWord	 00000000 _DATA	
x  . . . . . . . . . . . . . . .	DWord	 00000004 _DATA	

	   0 Warnings
	   0 Errors
