Microsoft (R) Macro Assembler Version 14.16.27035.0	    04/04/20 19:25:37
AddTwo.asm						     Page 1 - 1


				; Problem 4
				; Multiplication and Division Instructions
				;
				; var3 = (var1 * -var2) / (var3 – ebx)
				; var3 = (-2 * -20) / (2 - 0)
				; var3 = 40 / 2
				; var3 = 20

				.386
				.model flat,stdcall
				.stack 4096
					ExitProcess proto,dwExitCode:dword

 00000000			.data
 00000000 FFFFFFFE			var1	SDWORD	-2
 00000004 00000014			var2	SDWORD	20
 00000008 00000002			var3	SDWORD	2

 00000000			.code
 00000000			main proc
 00000000  B8 00000000			mov eax,0		; debug purpose only
 00000005  BB 00000000			mov ebx,0		; debug purpose only
 0000000A  BA 00000000			mov edx,0		; debug purpose only

					;=====================================================
					; (var1 * -var2)
					;=====================================================
 0000000F  A1 00000000 R		mov eax,var1
 00000014  8B 15 00000004 R		mov edx,var2
 0000001A  F7 DA			neg edx				;-var2
 0000001C  F7 EA			imul edx			; left side: EDX:EAX
					;=====================================================
					; EAX : 00 00 00 28		(40d)
					; EDX : 00 00 00 00
					;=====================================================

					;=====================================================
					; (var3 – ebx)
					;=====================================================
 0000001E  8B 0D 00000008 R		mov ecx,var3
 00000024  2B CB			sub ecx,ebx			;	ECX : 00 00 00 02

 00000026  F7 F9			idiv ecx			; EAX = quotient
 00000028  A3 00000008 R		mov var3,eax
					;=====================================================
					; var3 : 00 00 00 14	(20d)
					;=====================================================

					invoke ExitProcess,0
 0000002D  6A 00	   *	    push   +000000000h
 0000002F  E8 00000000 E   *	    call   ExitProcess
 00000034			main endp
				end main
Microsoft (R) Macro Assembler Version 14.16.27035.0	    04/04/20 19:25:37
AddTwo.asm						     Symbols 2 - 1




Segments and Groups:

                N a m e                 Size     Length   Align   Combine Class

FLAT . . . . . . . . . . . . . .	GROUP
STACK  . . . . . . . . . . . . .	32 Bit	 00001000 DWord	  Stack	  'STACK'	 
_DATA  . . . . . . . . . . . . .	32 Bit	 0000000C DWord	  Public  'DATA'	
_TEXT  . . . . . . . . . . . . .	32 Bit	 00000034 DWord	  Public  'CODE'	


Procedures, parameters, and locals:

                N a m e                 Type     Value    Attr

ExitProcess  . . . . . . . . . .	P Near	 00000000 FLAT	Length= 00000000 External STDCALL
main . . . . . . . . . . . . . .	P Near	 00000000 _TEXT	Length= 00000034 Public STDCALL


Symbols:

                N a m e                 Type     Value    Attr

@CodeSize  . . . . . . . . . . .	Number	 00000000h   
@DataSize  . . . . . . . . . . .	Number	 00000000h   
@Interface . . . . . . . . . . .	Number	 00000003h   
@Model . . . . . . . . . . . . .	Number	 00000007h   
@code  . . . . . . . . . . . . .	Text   	 _TEXT
@data  . . . . . . . . . . . . .	Text   	 FLAT
@fardata?  . . . . . . . . . . .	Text   	 FLAT
@fardata . . . . . . . . . . . .	Text   	 FLAT
@stack . . . . . . . . . . . . .	Text   	 FLAT
var1 . . . . . . . . . . . . . .	DWord	 00000000 _DATA	
var2 . . . . . . . . . . . . . .	DWord	 00000004 _DATA	
var3 . . . . . . . . . . . . . .	DWord	 00000008 _DATA	

	   0 Warnings
	   0 Errors
